Determining if the __sparc exist failed with the following output:
Change Dir: /home/danny/ramdisk/systemc/systemc/build/CMakeFiles/CMakeTmp

Run Build Command(s):/usr/bin/make cmTC_00c7e/fast && /usr/bin/make -f CMakeFiles/cmTC_00c7e.dir/build.make CMakeFiles/cmTC_00c7e.dir/build
make[1]: Verzeichnis „/home/danny/ramdisk/systemc/systemc/build/CMakeFiles/CMakeTmp“ wird betreten
Building C object CMakeFiles/cmTC_00c7e.dir/CheckSymbolExists.c.o
/usr/bin/cc    -o CMakeFiles/cmTC_00c7e.dir/CheckSymbolExists.c.o   -c /home/danny/ramdisk/systemc/systemc/build/CMakeFiles/CMakeTmp/CheckSymbolExists.c
/home/danny/ramdisk/systemc/systemc/build/CMakeFiles/CMakeTmp/CheckSymbolExists.c: In Funktion »main«:
/home/danny/ramdisk/systemc/systemc/build/CMakeFiles/CMakeTmp/CheckSymbolExists.c:7:19: Fehler: »__sparc« nicht deklariert (erste Verwendung in dieser Funktion)
    7 |   return ((int*)(&__sparc))[argc];
      |                   ^~~~~~~
/home/danny/ramdisk/systemc/systemc/build/CMakeFiles/CMakeTmp/CheckSymbolExists.c:7:19: Anmerkung: jeder nicht deklarierte Bezeichner wird nur einmal für jede Funktion, in der er vorkommt, gemeldet
make[1]: *** [CMakeFiles/cmTC_00c7e.dir/build.make:66: CMakeFiles/cmTC_00c7e.dir/CheckSymbolExists.c.o] Fehler 1
make[1]: Verzeichnis „/home/danny/ramdisk/systemc/systemc/build/CMakeFiles/CMakeTmp“ wird verlassen
make: *** [Makefile:121: cmTC_00c7e/fast] Fehler 2


File /home/danny/ramdisk/systemc/systemc/build/CMakeFiles/CMakeTmp/CheckSymbolExists.c:
/* */

int main(int argc, char** argv)
{
  (void)argv;
#ifndef __sparc
  return ((int*)(&__sparc))[argc];
#else
  (void)argc;
  return 0;
#endif
}
Determining if the __sparc__ exist failed with the following output:
Change Dir: /home/danny/ramdisk/systemc/systemc/build/CMakeFiles/CMakeTmp

Run Build Command(s):/usr/bin/make cmTC_c3b39/fast && /usr/bin/make -f CMakeFiles/cmTC_c3b39.dir/build.make CMakeFiles/cmTC_c3b39.dir/build
make[1]: Verzeichnis „/home/danny/ramdisk/systemc/systemc/build/CMakeFiles/CMakeTmp“ wird betreten
Building C object CMakeFiles/cmTC_c3b39.dir/CheckSymbolExists.c.o
/usr/bin/cc    -o CMakeFiles/cmTC_c3b39.dir/CheckSymbolExists.c.o   -c /home/danny/ramdisk/systemc/systemc/build/CMakeFiles/CMakeTmp/CheckSymbolExists.c
/home/danny/ramdisk/systemc/systemc/build/CMakeFiles/CMakeTmp/CheckSymbolExists.c: In Funktion »main«:
/home/danny/ramdisk/systemc/systemc/build/CMakeFiles/CMakeTmp/CheckSymbolExists.c:7:19: Fehler: »__sparc__« nicht deklariert (erste Verwendung in dieser Funktion)
    7 |   return ((int*)(&__sparc__))[argc];
      |                   ^~~~~~~~~
/home/danny/ramdisk/systemc/systemc/build/CMakeFiles/CMakeTmp/CheckSymbolExists.c:7:19: Anmerkung: jeder nicht deklarierte Bezeichner wird nur einmal für jede Funktion, in der er vorkommt, gemeldet
make[1]: *** [CMakeFiles/cmTC_c3b39.dir/build.make:66: CMakeFiles/cmTC_c3b39.dir/CheckSymbolExists.c.o] Fehler 1
make[1]: Verzeichnis „/home/danny/ramdisk/systemc/systemc/build/CMakeFiles/CMakeTmp“ wird verlassen
make: *** [Makefile:121: cmTC_c3b39/fast] Fehler 2


File /home/danny/ramdisk/systemc/systemc/build/CMakeFiles/CMakeTmp/CheckSymbolExists.c:
/* */

int main(int argc, char** argv)
{
  (void)argv;
#ifndef __sparc__
  return ((int*)(&__sparc__))[argc];
#else
  (void)argc;
  return 0;
#endif
}
Determining if the __hppa exist failed with the following output:
Change Dir: /home/danny/ramdisk/systemc/systemc/build/CMakeFiles/CMakeTmp

Run Build Command(s):/usr/bin/make cmTC_a560f/fast && /usr/bin/make -f CMakeFiles/cmTC_a560f.dir/build.make CMakeFiles/cmTC_a560f.dir/build
make[1]: Verzeichnis „/home/danny/ramdisk/systemc/systemc/build/CMakeFiles/CMakeTmp“ wird betreten
Building C object CMakeFiles/cmTC_a560f.dir/CheckSymbolExists.c.o
/usr/bin/cc    -o CMakeFiles/cmTC_a560f.dir/CheckSymbolExists.c.o   -c /home/danny/ramdisk/systemc/systemc/build/CMakeFiles/CMakeTmp/CheckSymbolExists.c
/home/danny/ramdisk/systemc/systemc/build/CMakeFiles/CMakeTmp/CheckSymbolExists.c: In Funktion »main«:
/home/danny/ramdisk/systemc/systemc/build/CMakeFiles/CMakeTmp/CheckSymbolExists.c:7:19: Fehler: »__hppa« nicht deklariert (erste Verwendung in dieser Funktion)
    7 |   return ((int*)(&__hppa))[argc];
      |                   ^~~~~~
/home/danny/ramdisk/systemc/systemc/build/CMakeFiles/CMakeTmp/CheckSymbolExists.c:7:19: Anmerkung: jeder nicht deklarierte Bezeichner wird nur einmal für jede Funktion, in der er vorkommt, gemeldet
make[1]: *** [CMakeFiles/cmTC_a560f.dir/build.make:66: CMakeFiles/cmTC_a560f.dir/CheckSymbolExists.c.o] Fehler 1
make[1]: Verzeichnis „/home/danny/ramdisk/systemc/systemc/build/CMakeFiles/CMakeTmp“ wird verlassen
make: *** [Makefile:121: cmTC_a560f/fast] Fehler 2


File /home/danny/ramdisk/systemc/systemc/build/CMakeFiles/CMakeTmp/CheckSymbolExists.c:
/* */

int main(int argc, char** argv)
{
  (void)argv;
#ifndef __hppa
  return ((int*)(&__hppa))[argc];
#else
  (void)argc;
  return 0;
#endif
}
Determining if the __i386 exist failed with the following output:
Change Dir: /home/danny/ramdisk/systemc/systemc/build/CMakeFiles/CMakeTmp

Run Build Command(s):/usr/bin/make cmTC_46255/fast && /usr/bin/make -f CMakeFiles/cmTC_46255.dir/build.make CMakeFiles/cmTC_46255.dir/build
make[1]: Verzeichnis „/home/danny/ramdisk/systemc/systemc/build/CMakeFiles/CMakeTmp“ wird betreten
Building C object CMakeFiles/cmTC_46255.dir/CheckSymbolExists.c.o
/usr/bin/cc    -o CMakeFiles/cmTC_46255.dir/CheckSymbolExists.c.o   -c /home/danny/ramdisk/systemc/systemc/build/CMakeFiles/CMakeTmp/CheckSymbolExists.c
/home/danny/ramdisk/systemc/systemc/build/CMakeFiles/CMakeTmp/CheckSymbolExists.c: In Funktion »main«:
/home/danny/ramdisk/systemc/systemc/build/CMakeFiles/CMakeTmp/CheckSymbolExists.c:7:19: Fehler: »__i386« nicht deklariert (erste Verwendung in dieser Funktion)
    7 |   return ((int*)(&__i386))[argc];
      |                   ^~~~~~
/home/danny/ramdisk/systemc/systemc/build/CMakeFiles/CMakeTmp/CheckSymbolExists.c:7:19: Anmerkung: jeder nicht deklarierte Bezeichner wird nur einmal für jede Funktion, in der er vorkommt, gemeldet
make[1]: *** [CMakeFiles/cmTC_46255.dir/build.make:66: CMakeFiles/cmTC_46255.dir/CheckSymbolExists.c.o] Fehler 1
make[1]: Verzeichnis „/home/danny/ramdisk/systemc/systemc/build/CMakeFiles/CMakeTmp“ wird verlassen
make: *** [Makefile:121: cmTC_46255/fast] Fehler 2


File /home/danny/ramdisk/systemc/systemc/build/CMakeFiles/CMakeTmp/CheckSymbolExists.c:
/* */

int main(int argc, char** argv)
{
  (void)argv;
#ifndef __i386
  return ((int*)(&__i386))[argc];
#else
  (void)argc;
  return 0;
#endif
}
Determining if the __aarch64__ exist failed with the following output:
Change Dir: /home/danny/ramdisk/systemc/systemc/build/CMakeFiles/CMakeTmp

Run Build Command(s):/usr/bin/make cmTC_0b899/fast && /usr/bin/make -f CMakeFiles/cmTC_0b899.dir/build.make CMakeFiles/cmTC_0b899.dir/build
make[1]: Verzeichnis „/home/danny/ramdisk/systemc/systemc/build/CMakeFiles/CMakeTmp“ wird betreten
Building C object CMakeFiles/cmTC_0b899.dir/CheckSymbolExists.c.o
/usr/bin/cc    -o CMakeFiles/cmTC_0b899.dir/CheckSymbolExists.c.o   -c /home/danny/ramdisk/systemc/systemc/build/CMakeFiles/CMakeTmp/CheckSymbolExists.c
/home/danny/ramdisk/systemc/systemc/build/CMakeFiles/CMakeTmp/CheckSymbolExists.c: In Funktion »main«:
/home/danny/ramdisk/systemc/systemc/build/CMakeFiles/CMakeTmp/CheckSymbolExists.c:7:19: Fehler: »__aarch64__« nicht deklariert (erste Verwendung in dieser Funktion)
    7 |   return ((int*)(&__aarch64__))[argc];
      |                   ^~~~~~~~~~~
/home/danny/ramdisk/systemc/systemc/build/CMakeFiles/CMakeTmp/CheckSymbolExists.c:7:19: Anmerkung: jeder nicht deklarierte Bezeichner wird nur einmal für jede Funktion, in der er vorkommt, gemeldet
make[1]: *** [CMakeFiles/cmTC_0b899.dir/build.make:66: CMakeFiles/cmTC_0b899.dir/CheckSymbolExists.c.o] Fehler 1
make[1]: Verzeichnis „/home/danny/ramdisk/systemc/systemc/build/CMakeFiles/CMakeTmp“ wird verlassen
make: *** [Makefile:121: cmTC_0b899/fast] Fehler 2


File /home/danny/ramdisk/systemc/systemc/build/CMakeFiles/CMakeTmp/CheckSymbolExists.c:
/* */

int main(int argc, char** argv)
{
  (void)argv;
#ifndef __aarch64__
  return ((int*)(&__aarch64__))[argc];
#else
  (void)argc;
  return 0;
#endif
}
Determining if the __ppc__ exist failed with the following output:
Change Dir: /home/danny/ramdisk/systemc/systemc/build/CMakeFiles/CMakeTmp

Run Build Command(s):/usr/bin/make cmTC_0fb4a/fast && /usr/bin/make -f CMakeFiles/cmTC_0fb4a.dir/build.make CMakeFiles/cmTC_0fb4a.dir/build
make[1]: Verzeichnis „/home/danny/ramdisk/systemc/systemc/build/CMakeFiles/CMakeTmp“ wird betreten
Building C object CMakeFiles/cmTC_0fb4a.dir/CheckSymbolExists.c.o
/usr/bin/cc    -o CMakeFiles/cmTC_0fb4a.dir/CheckSymbolExists.c.o   -c /home/danny/ramdisk/systemc/systemc/build/CMakeFiles/CMakeTmp/CheckSymbolExists.c
/home/danny/ramdisk/systemc/systemc/build/CMakeFiles/CMakeTmp/CheckSymbolExists.c: In Funktion »main«:
/home/danny/ramdisk/systemc/systemc/build/CMakeFiles/CMakeTmp/CheckSymbolExists.c:7:19: Fehler: »__ppc__« nicht deklariert (erste Verwendung in dieser Funktion)
    7 |   return ((int*)(&__ppc__))[argc];
      |                   ^~~~~~~
/home/danny/ramdisk/systemc/systemc/build/CMakeFiles/CMakeTmp/CheckSymbolExists.c:7:19: Anmerkung: jeder nicht deklarierte Bezeichner wird nur einmal für jede Funktion, in der er vorkommt, gemeldet
make[1]: *** [CMakeFiles/cmTC_0fb4a.dir/build.make:66: CMakeFiles/cmTC_0fb4a.dir/CheckSymbolExists.c.o] Fehler 1
make[1]: Verzeichnis „/home/danny/ramdisk/systemc/systemc/build/CMakeFiles/CMakeTmp“ wird verlassen
make: *** [Makefile:121: cmTC_0fb4a/fast] Fehler 2


File /home/danny/ramdisk/systemc/systemc/build/CMakeFiles/CMakeTmp/CheckSymbolExists.c:
/* */

int main(int argc, char** argv)
{
  (void)argv;
#ifndef __ppc__
  return ((int*)(&__ppc__))[argc];
#else
  (void)argc;
  return 0;
#endif
}
Determining if the __powerpc exist failed with the following output:
Change Dir: /home/danny/ramdisk/systemc/systemc/build/CMakeFiles/CMakeTmp

Run Build Command(s):/usr/bin/make cmTC_1eb35/fast && /usr/bin/make -f CMakeFiles/cmTC_1eb35.dir/build.make CMakeFiles/cmTC_1eb35.dir/build
make[1]: Verzeichnis „/home/danny/ramdisk/systemc/systemc/build/CMakeFiles/CMakeTmp“ wird betreten
Building C object CMakeFiles/cmTC_1eb35.dir/CheckSymbolExists.c.o
/usr/bin/cc    -o CMakeFiles/cmTC_1eb35.dir/CheckSymbolExists.c.o   -c /home/danny/ramdisk/systemc/systemc/build/CMakeFiles/CMakeTmp/CheckSymbolExists.c
/home/danny/ramdisk/systemc/systemc/build/CMakeFiles/CMakeTmp/CheckSymbolExists.c: In Funktion »main«:
/home/danny/ramdisk/systemc/systemc/build/CMakeFiles/CMakeTmp/CheckSymbolExists.c:7:19: Fehler: »__powerpc« nicht deklariert (erste Verwendung in dieser Funktion)
    7 |   return ((int*)(&__powerpc))[argc];
      |                   ^~~~~~~~~
/home/danny/ramdisk/systemc/systemc/build/CMakeFiles/CMakeTmp/CheckSymbolExists.c:7:19: Anmerkung: jeder nicht deklarierte Bezeichner wird nur einmal für jede Funktion, in der er vorkommt, gemeldet
make[1]: *** [CMakeFiles/cmTC_1eb35.dir/build.make:66: CMakeFiles/cmTC_1eb35.dir/CheckSymbolExists.c.o] Fehler 1
make[1]: Verzeichnis „/home/danny/ramdisk/systemc/systemc/build/CMakeFiles/CMakeTmp“ wird verlassen
make: *** [Makefile:121: cmTC_1eb35/fast] Fehler 2


File /home/danny/ramdisk/systemc/systemc/build/CMakeFiles/CMakeTmp/CheckSymbolExists.c:
/* */

int main(int argc, char** argv)
{
  (void)argv;
#ifndef __powerpc
  return ((int*)(&__powerpc))[argc];
#else
  (void)argc;
  return 0;
#endif
}
Performing C SOURCE FILE Test CMAKE_HAVE_LIBC_PTHREAD failed with the following output:
Change Dir: /home/danny/ramdisk/systemc/systemc/build/CMakeFiles/CMakeTmp

Run Build Command(s):/usr/bin/make cmTC_1fb98/fast && /usr/bin/make -f CMakeFiles/cmTC_1fb98.dir/build.make CMakeFiles/cmTC_1fb98.dir/build
make[1]: Verzeichnis „/home/danny/ramdisk/systemc/systemc/build/CMakeFiles/CMakeTmp“ wird betreten
Building C object CMakeFiles/cmTC_1fb98.dir/src.c.o
/usr/bin/cc   -DCMAKE_HAVE_LIBC_PTHREAD   -o CMakeFiles/cmTC_1fb98.dir/src.c.o   -c /home/danny/ramdisk/systemc/systemc/build/CMakeFiles/CMakeTmp/src.c
Linking C executable cmTC_1fb98
/usr/bin/cmake -E cmake_link_script CMakeFiles/cmTC_1fb98.dir/link.txt --verbose=1
/usr/bin/cc  -DCMAKE_HAVE_LIBC_PTHREAD    -rdynamic CMakeFiles/cmTC_1fb98.dir/src.c.o  -o cmTC_1fb98 
/usr/bin/ld: CMakeFiles/cmTC_1fb98.dir/src.c.o: in function `main':
src.c:(.text+0x3e): undefined reference to `pthread_create'
/usr/bin/ld: src.c:(.text+0x4a): undefined reference to `pthread_detach'
/usr/bin/ld: src.c:(.text+0x5b): undefined reference to `pthread_join'
collect2: Fehler: ld gab 1 als Ende-Status zurück
make[1]: *** [CMakeFiles/cmTC_1fb98.dir/build.make:87: cmTC_1fb98] Fehler 1
make[1]: Verzeichnis „/home/danny/ramdisk/systemc/systemc/build/CMakeFiles/CMakeTmp“ wird verlassen
make: *** [Makefile:121: cmTC_1fb98/fast] Fehler 2


Source file was:
#include <pthread.h>

void* test_func(void* data)
{
  return data;
}

int main(void)
{
  pthread_t thread;
  pthread_create(&thread, NULL, test_func, NULL);
  pthread_detach(thread);
  pthread_join(thread, NULL);
  pthread_atfork(NULL, NULL, NULL);
  pthread_exit(NULL);

  return 0;
}

